<?xml version="1.0" encoding="UTF-8"?>
<testng-results ignored="0" total="1" passed="1" failed="0" skipped="0">
  <reporter-output>
  </reporter-output>
  <suite started-at="2024-12-31T22:26:42 IST" name="Surefire suite" finished-at="2024-12-31T22:27:14 IST" duration-ms="31825">
    <groups>
    </groups>
    <test started-at="2024-12-31T22:26:42 IST" name="Surefire test" finished-at="2024-12-31T22:27:14 IST" duration-ms="31825">
      <class name="com.example.GoogleTest">
        <test-method is-config="true" signature="setUp()[pri:0, instance:com.example.GoogleTest@197d671]" started-at="2024-12-31T22:26:42 IST" name="setUp" finished-at="2024-12-31T22:26:51 IST" duration-ms="9278" status="PASS">
          <reporter-output>
          </reporter-output>
        </test-method> <!-- setUp -->
        <test-method signature="verifyGoogleTitle()[pri:0, instance:com.example.GoogleTest@197d671]" started-at="2024-12-31T22:26:51 IST" name="verifyGoogleTitle" finished-at="2024-12-31T22:27:13 IST" duration-ms="22062" status="PASS">
          <reporter-output>
          </reporter-output>
        </test-method> <!-- verifyGoogleTitle -->
        <test-method is-config="true" signature="tearDown()[pri:0, instance:com.example.GoogleTest@197d671]" started-at="2024-12-31T22:27:13 IST" name="tearDown" finished-at="2024-12-31T22:27:14 IST" duration-ms="415" status="PASS">
          <reporter-output>
          </reporter-output>
        </test-method> <!-- tearDown -->
      </class> <!-- com.example.GoogleTest -->
    </test> <!-- Surefire test -->
  </suite> <!-- Surefire suite -->
</testng-results>
