<?xml version="1.0" encoding="UTF-8"?>
<testng-results ignored="0" total="1" passed="1" failed="0" skipped="0">
  <reporter-output>
  </reporter-output>
  <suite started-at="2024-12-31T20:46:10 UTC" name="Surefire suite" finished-at="2024-12-31T20:46:19 UTC" duration-ms="8441">
    <groups>
    </groups>
    <test started-at="2024-12-31T20:46:10 UTC" name="Surefire test" finished-at="2024-12-31T20:46:19 UTC" duration-ms="8441">
      <class name="GoogleTest">
        <test-method is-config="true" signature="setUp()[pri:0, instance:GoogleTest@649bec2e]" started-at="2024-12-31T20:46:10 UTC" name="setUp" finished-at="2024-12-31T20:46:18 UTC" duration-ms="7723" status="PASS">
          <reporter-output>
          </reporter-output>
        </test-method> <!-- setUp -->
        <test-method signature="testGoogle()[pri:0, instance:GoogleTest@649bec2e]" started-at="2024-12-31T20:46:18 UTC" name="testGoogle" finished-at="2024-12-31T20:46:19 UTC" duration-ms="570" status="PASS">
          <reporter-output>
          </reporter-output>
        </test-method> <!-- testGoogle -->
        <test-method is-config="true" signature="tearDown()[pri:0, instance:GoogleTest@649bec2e]" started-at="2024-12-31T20:46:19 UTC" name="tearDown" finished-at="2024-12-31T20:46:19 UTC" duration-ms="112" status="PASS">
          <reporter-output>
          </reporter-output>
        </test-method> <!-- tearDown -->
      </class> <!-- GoogleTest -->
    </test> <!-- Surefire test -->
  </suite> <!-- Surefire suite -->
</testng-results>
