<?xml version="1.0" encoding="UTF-8"?>
<testng-results ignored="0" total="1" passed="1" failed="0" skipped="0">
  <reporter-output>
  </reporter-output>
  <suite started-at="2024-12-31T20:47:33 UTC" name="Surefire suite" finished-at="2024-12-31T20:47:41 UTC" duration-ms="8061">
    <groups>
    </groups>
    <test started-at="2024-12-31T20:47:33 UTC" name="Surefire test" finished-at="2024-12-31T20:47:41 UTC" duration-ms="8061">
      <class name="GoogleTest">
        <test-method is-config="true" signature="setUp()[pri:0, instance:GoogleTest@4e096385]" started-at="2024-12-31T20:47:33 UTC" name="setUp" finished-at="2024-12-31T20:47:40 UTC" duration-ms="7343" status="PASS">
          <reporter-output>
          </reporter-output>
        </test-method> <!-- setUp -->
        <test-method signature="testGoogle()[pri:0, instance:GoogleTest@4e096385]" started-at="2024-12-31T20:47:40 UTC" name="testGoogle" finished-at="2024-12-31T20:47:41 UTC" duration-ms="581" status="PASS">
          <reporter-output>
          </reporter-output>
        </test-method> <!-- testGoogle -->
        <test-method is-config="true" signature="tearDown()[pri:0, instance:GoogleTest@4e096385]" started-at="2024-12-31T20:47:41 UTC" name="tearDown" finished-at="2024-12-31T20:47:41 UTC" duration-ms="104" status="PASS">
          <reporter-output>
          </reporter-output>
        </test-method> <!-- tearDown -->
      </class> <!-- GoogleTest -->
    </test> <!-- Surefire test -->
  </suite> <!-- Surefire suite -->
</testng-results>
