<?xml version="1.0" encoding="UTF-8"?>
<!-- Generated by org.testng.reporters.JUnitXMLReporter -->
<testsuite ignored="0" hostname="techslate" failures="1" tests="1" name="Surefire test" time="35.294" errors="0" timestamp="2024-12-31T23:34:41 IST">
  <testcase classname="GoogleTest" name="testGoogle" time="25.729">
    <failure type="java.lang.AssertionError" message="Page title does not match! expected [Google1] but found [Google]">
      <![CDATA[java.lang.AssertionError: Page title does not match! expected [Google1] but found [Google]
at GoogleTest.testGoogle(GoogleTest.java:31)
at java.base/java.util.ArrayList.forEach(ArrayList.java:1597)
... Removed 35 stack frames]]>
    </failure>
  </testcase> <!-- testGoogle -->
</testsuite> <!-- Surefire test -->
