<?xml version="1.0" encoding="UTF-8"?>
<testng-results ignored="0" total="1" passed="1" failed="0" skipped="0">
  <reporter-output>
  </reporter-output>
  <suite started-at="2024-12-31T23:11:54 IST" name="Surefire suite" finished-at="2024-12-31T23:12:31 IST" duration-ms="37107">
    <groups>
    </groups>
    <test started-at="2024-12-31T23:11:54 IST" name="Surefire test" finished-at="2024-12-31T23:12:31 IST" duration-ms="37107">
      <class name="com.example.GoogleTest">
        <test-method is-config="true" signature="setUp()[pri:0, instance:com.example.GoogleTest@197d671]" started-at="2024-12-31T23:11:54 IST" name="setUp" finished-at="2024-12-31T23:12:05 IST" duration-ms="11615" status="PASS">
          <reporter-output>
          </reporter-output>
        </test-method> <!-- setUp -->
        <test-method signature="verifyGoogleTitle()[pri:0, instance:com.example.GoogleTest@197d671]" started-at="2024-12-31T23:12:05 IST" name="verifyGoogleTitle" finished-at="2024-12-31T23:12:30 IST" duration-ms="25006" status="PASS">
          <reporter-output>
          </reporter-output>
        </test-method> <!-- verifyGoogleTitle -->
        <test-method is-config="true" signature="tearDown()[pri:0, instance:com.example.GoogleTest@197d671]" started-at="2024-12-31T23:12:30 IST" name="tearDown" finished-at="2024-12-31T23:12:31 IST" duration-ms="391" status="PASS">
          <reporter-output>
          </reporter-output>
        </test-method> <!-- tearDown -->
      </class> <!-- com.example.GoogleTest -->
    </test> <!-- Surefire test -->
  </suite> <!-- Surefire suite -->
</testng-results>
