<?xml version="1.0" encoding="UTF-8"?>
<testng-results ignored="0" total="1" passed="1" failed="0" skipped="0">
  <reporter-output>
  </reporter-output>
  <suite started-at="2025-01-01T04:25:50 UTC" name="Surefire suite" finished-at="2025-01-01T04:25:53 UTC" duration-ms="2895">
    <groups>
    </groups>
    <test started-at="2025-01-01T04:25:50 UTC" name="Surefire test" finished-at="2025-01-01T04:25:53 UTC" duration-ms="2895">
      <class name="GoogleTest">
        <test-method is-config="true" signature="setUp()[pri:0, instance:GoogleTest@702b8b12]" started-at="2025-01-01T04:25:50 UTC" name="setUp" finished-at="2025-01-01T04:25:52 UTC" duration-ms="1805" status="PASS">
          <reporter-output>
          </reporter-output>
        </test-method> <!-- setUp -->
        <test-method signature="testGoogle()[pri:0, instance:GoogleTest@702b8b12]" started-at="2025-01-01T04:25:52 UTC" name="testGoogle" finished-at="2025-01-01T04:25:53 UTC" duration-ms="674" status="PASS">
          <reporter-output>
          </reporter-output>
        </test-method> <!-- testGoogle -->
        <test-method is-config="true" signature="tearDown()[pri:0, instance:GoogleTest@702b8b12]" started-at="2025-01-01T04:25:53 UTC" name="tearDown" finished-at="2025-01-01T04:25:53 UTC" duration-ms="382" status="PASS">
          <reporter-output>
          </reporter-output>
        </test-method> <!-- tearDown -->
      </class> <!-- GoogleTest -->
    </test> <!-- Surefire test -->
  </suite> <!-- Surefire suite -->
</testng-results>
